<?xml version="1.0" encoding="UTF-8"?>
<!-- Generated by org.testng.reporters.JUnitXMLReporter -->
<testsuite ignored="0" hostname="DESKTOP-0BETMHI" failures="1" tests="1" name="Test" time="7.865" errors="0" timestamp="2022-09-06T14:52:27 IST">
  <testcase classname="fail_testcases_Screenshot.CaptureScreenshot" name="captureScreenshot" time="7.761">
    <failure type="java.lang.AssertionError" message="expected [Facebook – log in or sign up] but found [Home]">
      <![CDATA[java.lang.AssertionError: expected [Facebook – log in or sign up] but found [Home]
at fail_testcases_Screenshot.CaptureScreenshot.captureScreenshot(CaptureScreenshot.java:17)
at java.base/java.util.ArrayList.forEach(ArrayList.java:1511)
... Removed 31 stack frames]]>
    </failure>
  </testcase> <!-- captureScreenshot -->
</testsuite> <!-- Test -->
